#-----------------------------------------------------------
# Vivado v2020.1 (64-bit)
# SW Build 2902540 on Wed May 27 19:54:49 MDT 2020
# IP Build 2902112 on Wed May 27 22:43:36 MDT 2020
# Start of session at: Thu May  4 22:45:51 2023
# Process ID: 18924
# Current directory: d:/Desktop/Study_now/SRW/GoertzelAlgorithm/vivado/tmp/gtwizard_ultrascale_ex
# Command line: vivado.exe -notrace -source d:/Desktop/Study_now/SRW/GoertzelAlgorithm/vivado/project/SRW.srcs/sources_1/ip/gtwizard_ultrascale/gtwizard_ultrascale_ex.tcl
# Log file: d:/Desktop/Study_now/SRW/GoertzelAlgorithm/vivado/tmp/gtwizard_ultrascale_ex/vivado.log
# Journal file: d:/Desktop/Study_now/SRW/GoertzelAlgorithm/vivado/tmp/gtwizard_ultrascale_ex\vivado.jou
#-----------------------------------------------------------
start_gui
source d:/Desktop/Study_now/SRW/GoertzelAlgorithm/vivado/project/SRW.srcs/sources_1/ip/gtwizard_ultrascale/gtwizard_ultrascale_ex.tcl -notrace
INFO: [open_example_project] Creating new example project...
INFO: [IP_Flow 19-234] Refreshing IP repositories
INFO: [IP_Flow 19-1704] No user IP repositories specified
INFO: [IP_Flow 19-2313] Loaded Vivado IP repository 'D:/Xilinx/Vivado/2020.1/data/ip'.
create_project: Time (s): cpu = 00:00:34 ; elapsed = 00:00:17 . Memory (MB): peak = 1037.453 ; gain = 0.000
INFO: [open_example_project] Importing original IP ...
INFO: [open_example_project] Generating the example project IP ...
INFO: [open_example_project] Adding example synthesis HDL files ...
INFO: [open_example_project] Adding example XDC files ...
INFO: [open_example_project] Adding simulation HDL files ...
INFO: [open_example_project] Sourcing example extension scripts ...
INFO: [IP_Flow 19-1686] Generating 'Instantiation Template' target for IP 'gtwizard_ultrascale_vio_0'...
INFO: [IP_Flow 19-1686] Generating 'Synthesis' target for IP 'gtwizard_ultrascale_vio_0'...
INFO: [IP_Flow 19-1686] Generating 'Simulation' target for IP 'gtwizard_ultrascale_vio_0'...
INFO: [IP_Flow 19-1686] Generating 'Change Log' target for IP 'gtwizard_ultrascale_vio_0'...
INFO: [open_example_project] Rebuilding all the top level IPs ...
INFO: [exportsim-Tcl-35] Exporting simulation files for "XSIM" (Xilinx Vivado Simulator)...
INFO: [exportsim-Tcl-29] Script generated: 'D:/Desktop/Study_now/SRW/GoertzelAlgorithm/vivado/tmp/gtwizard_ultrascale_ex/gtwizard_ultrascale_ex.ip_user_files/sim_scripts/gtwizard_ultrascale/xsim/gtwizard_ultrascale.sh'
INFO: [exportsim-Tcl-35] Exporting simulation files for "MODELSIM" (Mentor Graphics ModelSim Simulator)...
INFO: [exportsim-Tcl-29] Script generated: 'D:/Desktop/Study_now/SRW/GoertzelAlgorithm/vivado/tmp/gtwizard_ultrascale_ex/gtwizard_ultrascale_ex.ip_user_files/sim_scripts/gtwizard_ultrascale/modelsim/gtwizard_ultrascale.sh'
INFO: [exportsim-Tcl-35] Exporting simulation files for "QUESTA" (Mentor Graphics Questa Advanced Simulator)...
INFO: [exportsim-Tcl-29] Script generated: 'D:/Desktop/Study_now/SRW/GoertzelAlgorithm/vivado/tmp/gtwizard_ultrascale_ex/gtwizard_ultrascale_ex.ip_user_files/sim_scripts/gtwizard_ultrascale/questa/gtwizard_ultrascale.sh'
INFO: [exportsim-Tcl-35] Exporting simulation files for "IES" (Cadence Incisive Enterprise Simulator)...
INFO: [exportsim-Tcl-29] Script generated: 'D:/Desktop/Study_now/SRW/GoertzelAlgorithm/vivado/tmp/gtwizard_ultrascale_ex/gtwizard_ultrascale_ex.ip_user_files/sim_scripts/gtwizard_ultrascale/ies/gtwizard_ultrascale.sh'
INFO: [exportsim-Tcl-35] Exporting simulation files for "VCS" (Synopsys Verilog Compiler Simulator)...
INFO: [exportsim-Tcl-29] Script generated: 'D:/Desktop/Study_now/SRW/GoertzelAlgorithm/vivado/tmp/gtwizard_ultrascale_ex/gtwizard_ultrascale_ex.ip_user_files/sim_scripts/gtwizard_ultrascale/vcs/gtwizard_ultrascale.sh'
INFO: [exportsim-Tcl-35] Exporting simulation files for "RIVIERA" (Aldec Riviera-PRO Simulator)...
INFO: [exportsim-Tcl-29] Script generated: 'D:/Desktop/Study_now/SRW/GoertzelAlgorithm/vivado/tmp/gtwizard_ultrascale_ex/gtwizard_ultrascale_ex.ip_user_files/sim_scripts/gtwizard_ultrascale/riviera/gtwizard_ultrascale.sh'
INFO: [exportsim-Tcl-35] Exporting simulation files for "ACTIVEHDL" (Aldec Active-HDL Simulator)...
INFO: [exportsim-Tcl-29] Script generated: 'D:/Desktop/Study_now/SRW/GoertzelAlgorithm/vivado/tmp/gtwizard_ultrascale_ex/gtwizard_ultrascale_ex.ip_user_files/sim_scripts/gtwizard_ultrascale/activehdl/gtwizard_ultrascale.sh'
INFO: [exportsim-Tcl-35] Exporting simulation files for "XCELIUM" (Cadence Xcelium Parallel Simulator)...
INFO: [exportsim-Tcl-29] Script generated: 'D:/Desktop/Study_now/SRW/GoertzelAlgorithm/vivado/tmp/gtwizard_ultrascale_ex/gtwizard_ultrascale_ex.ip_user_files/sim_scripts/gtwizard_ultrascale/xcelium/gtwizard_ultrascale.sh'
INFO: [exportsim-Tcl-35] Exporting simulation files for "XSIM" (Xilinx Vivado Simulator)...
INFO: [exportsim-Tcl-29] Script generated: 'D:/Desktop/Study_now/SRW/GoertzelAlgorithm/vivado/tmp/gtwizard_ultrascale_ex/gtwizard_ultrascale_ex.ip_user_files/sim_scripts/gtwizard_ultrascale_vio_0/xsim/gtwizard_ultrascale_vio_0.sh'
INFO: [exportsim-Tcl-35] Exporting simulation files for "MODELSIM" (Mentor Graphics ModelSim Simulator)...
INFO: [exportsim-Tcl-29] Script generated: 'D:/Desktop/Study_now/SRW/GoertzelAlgorithm/vivado/tmp/gtwizard_ultrascale_ex/gtwizard_ultrascale_ex.ip_user_files/sim_scripts/gtwizard_ultrascale_vio_0/modelsim/gtwizard_ultrascale_vio_0.sh'
INFO: [exportsim-Tcl-35] Exporting simulation files for "QUESTA" (Mentor Graphics Questa Advanced Simulator)...
INFO: [exportsim-Tcl-29] Script generated: 'D:/Desktop/Study_now/SRW/GoertzelAlgorithm/vivado/tmp/gtwizard_ultrascale_ex/gtwizard_ultrascale_ex.ip_user_files/sim_scripts/gtwizard_ultrascale_vio_0/questa/gtwizard_ultrascale_vio_0.sh'
INFO: [exportsim-Tcl-35] Exporting simulation files for "IES" (Cadence Incisive Enterprise Simulator)...
INFO: [exportsim-Tcl-29] Script generated: 'D:/Desktop/Study_now/SRW/GoertzelAlgorithm/vivado/tmp/gtwizard_ultrascale_ex/gtwizard_ultrascale_ex.ip_user_files/sim_scripts/gtwizard_ultrascale_vio_0/ies/gtwizard_ultrascale_vio_0.sh'
INFO: [exportsim-Tcl-35] Exporting simulation files for "VCS" (Synopsys Verilog Compiler Simulator)...
INFO: [exportsim-Tcl-29] Script generated: 'D:/Desktop/Study_now/SRW/GoertzelAlgorithm/vivado/tmp/gtwizard_ultrascale_ex/gtwizard_ultrascale_ex.ip_user_files/sim_scripts/gtwizard_ultrascale_vio_0/vcs/gtwizard_ultrascale_vio_0.sh'
INFO: [exportsim-Tcl-35] Exporting simulation files for "RIVIERA" (Aldec Riviera-PRO Simulator)...
INFO: [exportsim-Tcl-29] Script generated: 'D:/Desktop/Study_now/SRW/GoertzelAlgorithm/vivado/tmp/gtwizard_ultrascale_ex/gtwizard_ultrascale_ex.ip_user_files/sim_scripts/gtwizard_ultrascale_vio_0/riviera/gtwizard_ultrascale_vio_0.sh'
INFO: [exportsim-Tcl-35] Exporting simulation files for "ACTIVEHDL" (Aldec Active-HDL Simulator)...
INFO: [exportsim-Tcl-29] Script generated: 'D:/Desktop/Study_now/SRW/GoertzelAlgorithm/vivado/tmp/gtwizard_ultrascale_ex/gtwizard_ultrascale_ex.ip_user_files/sim_scripts/gtwizard_ultrascale_vio_0/activehdl/gtwizard_ultrascale_vio_0.sh'
INFO: [exportsim-Tcl-35] Exporting simulation files for "XCELIUM" (Cadence Xcelium Parallel Simulator)...
INFO: [exportsim-Tcl-29] Script generated: 'D:/Desktop/Study_now/SRW/GoertzelAlgorithm/vivado/tmp/gtwizard_ultrascale_ex/gtwizard_ultrascale_ex.ip_user_files/sim_scripts/gtwizard_ultrascale_vio_0/xcelium/gtwizard_ultrascale_vio_0.sh'
export_ip_user_files: Time (s): cpu = 00:00:21 ; elapsed = 00:00:11 . Memory (MB): peak = 1037.453 ; gain = 0.000
INFO: [open_example_project] Open Example Project completed
update_compile_order -fileset sources_1
exit
INFO: [Common 17-206] Exiting Vivado at Thu May  4 22:50:13 2023...
