INFO: [VRFC 10-2263] Analyzing SystemVerilog file "D:/Desktop/Study_now/SRW/GoertzelAlgorithm/src/axi_pkg.sv" into library xil_defaultlib
INFO: [VRFC 10-2263] Analyzing SystemVerilog file "D:/Desktop/Study_now/SRW/GoertzelAlgorithm/src/mult_sign.sv" into library xil_defaultlib
INFO: [VRFC 10-311] analyzing module mult_sign
INFO: [VRFC 10-2263] Analyzing SystemVerilog file "D:/Desktop/Study_now/SRW/GoertzelAlgorithm/src/resync_nrst.sv" into library xil_defaultlib
INFO: [VRFC 10-311] analyzing module resync_nrst
INFO: [VRFC 10-2263] Analyzing SystemVerilog file "D:/Desktop/Study_now/SRW/GoertzelAlgorithm/src/resync_data.sv" into library xil_defaultlib
INFO: [VRFC 10-311] analyzing module resync_data
INFO: [VRFC 10-2263] Analyzing SystemVerilog file "D:/Desktop/Study_now/SRW/GoertzelAlgorithm/src/spi2axi.sv" into library xil_defaultlib
INFO: [VRFC 10-311] analyzing module spi2axi
INFO: [VRFC 10-2263] Analyzing SystemVerilog file "D:/Desktop/Study_now/SRW/GoertzelAlgorithm/src/spi2axi_wrap.sv" into library xil_defaultlib
INFO: [VRFC 10-311] analyzing module spi2axi_wrap
INFO: [VRFC 10-2263] Analyzing SystemVerilog file "D:/Desktop/Study_now/SRW/GoertzelAlgorithm/src/HerzelRegs.sv" into library xil_defaultlib
INFO: [VRFC 10-311] analyzing module HerzelRegs
INFO: [VRFC 10-2263] Analyzing SystemVerilog file "D:/Desktop/Study_now/SRW/GoertzelAlgorithm/src/divu.sv" into library xil_defaultlib
INFO: [VRFC 10-311] analyzing module divu
INFO: [VRFC 10-2263] Analyzing SystemVerilog file "D:/Desktop/Study_now/SRW/GoertzelAlgorithm/src/div_all.sv" into library xil_defaultlib
INFO: [VRFC 10-311] analyzing module div_all
WARNING: [VRFC 10-1103] net type must be explicitly specified for 'rstn' when default_nettype is none [D:/Desktop/Study_now/SRW/GoertzelAlgorithm/src/div_all.sv:4]
WARNING: [VRFC 10-1103] net type must be explicitly specified for 'clk' when default_nettype is none [D:/Desktop/Study_now/SRW/GoertzelAlgorithm/src/div_all.sv:5]
WARNING: [VRFC 10-1103] net type must be explicitly specified for 'en' when default_nettype is none [D:/Desktop/Study_now/SRW/GoertzelAlgorithm/src/div_all.sv:6]
WARNING: [VRFC 10-1103] net type must be explicitly specified for 'num_samp_i' when default_nettype is none [D:/Desktop/Study_now/SRW/GoertzelAlgorithm/src/div_all.sv:8]
WARNING: [VRFC 10-1103] net type must be explicitly specified for 'samp_freq_i' when default_nettype is none [D:/Desktop/Study_now/SRW/GoertzelAlgorithm/src/div_all.sv:9]
WARNING: [VRFC 10-1103] net type must be explicitly specified for 'freq_i' when default_nettype is none [D:/Desktop/Study_now/SRW/GoertzelAlgorithm/src/div_all.sv:10]
ERROR: [VRFC 10-845] illegal operand for operator ~ [D:/Desktop/Study_now/SRW/GoertzelAlgorithm/src/div_all.sv:57]
ERROR: [VRFC 10-845] illegal operand for operator ! [D:/Desktop/Study_now/SRW/GoertzelAlgorithm/src/div_all.sv:77]
ERROR: [VRFC 10-845] illegal operand for operator ! [D:/Desktop/Study_now/SRW/GoertzelAlgorithm/src/div_all.sv:87]
ERROR: [VRFC 10-2865] module 'div_all' ignored due to previous errors [D:/Desktop/Study_now/SRW/GoertzelAlgorithm/src/div_all.sv:1]
